<?xml version="1.0" encoding="UTF-8"?>
<testsuite xmlns:xsi="http://www.w3.org/2001/XMLSchema-instance" xsi:noNamespaceSchemaLocation="https://maven.apache.org/surefire/maven-surefire-plugin/xsd/surefire-test-report.xsd" name="org.example.SudokuSolverTest" time="0.067" tests="2" errors="0" skipped="0" failures="2">
  <properties>
[...]
</properties>
  <testcase name="testEasyBoard" classname="org.example.SudokuSolverTest" time="0.045">
    <failure message="expected: &lt;true&gt; but was: &lt;false&gt;" type="org.opentest4j.AssertionFailedError"><![CDATA[org.opentest4j.AssertionFailedError: expected: <true> but was: <false>
	at org.example.SudokuSolverTest.testEasyBoard(SudokuSolverTest.java:23)
]]></failure>
  </testcase>
  <testcase name="testDifficultBoard" classname="org.example.SudokuSolverTest" time="0.008">
    <failure message="expected: &lt;true&gt; but was: &lt;false&gt;" type="org.opentest4j.AssertionFailedError"><![CDATA[org.opentest4j.AssertionFailedError: expected: <true> but was: <false>
	at org.example.SudokuSolverTest.testDifficultBoard(SudokuSolverTest.java:41)
]]></failure>
  </testcase>
</testsuite>